2021-12-14 05:29:23,679:WARNING:discord.client: PyNaCl is not installed, voice will NOT be supported
2021-12-14 05:29:23,679:DEBUG:discord.client: on_ready has successfully been registered as an event
2021-12-14 05:29:23,679:DEBUG:discord.client: on_message has successfully been registered as an event
2021-12-14 05:29:23,680:INFO:discord.client: logging in using static token
2021-12-14 05:29:23,807:DEBUG:discord.http: GET https://discord.com/api/v7/users/@me with None has returned 200
2021-12-14 05:29:23,808:DEBUG:discord.http: GET https://discord.com/api/v7/users/@me has received {'id': '918582517936824331', 'username': "Brovo24's Pool Bot", 'avatar': None, 'discriminator': '7714', 'public_flags': 0, 'flags': 0, 'bot': True, 'banner': None, 'banner_color': None, 'accent_color': None, 'bio': '', 'locale': 'en-US', 'mfa_enabled': False, 'email': None, 'verified': True}
2021-12-14 05:29:23,831:DEBUG:discord.http: GET https://discord.com/api/v7/gateway with None has returned 200
2021-12-14 05:29:23,831:DEBUG:discord.http: GET https://discord.com/api/v7/gateway has received {'url': 'wss://gateway.discord.gg'}
2021-12-14 05:29:23,926:DEBUG:discord.gateway: Created websocket connected to wss://gateway.discord.gg?encoding=json&v=6&compress=zlib-stream
2021-12-14 05:29:23,926:DEBUG:discord.client: Dispatching event socket_raw_receive
2021-12-14 05:29:23,926:DEBUG:discord.gateway: For Shard ID None: WebSocket Event: {'t': None, 's': None, 'op': 10, 'd': {'heartbeat_interval': 41250, '_trace': ['["gateway-prd-main-6mgz",{"micros":0.0}]']}}
2021-12-14 05:29:23,926:DEBUG:discord.client: Dispatching event socket_response
2021-12-14 05:29:23,927:DEBUG:discord.client: Dispatching event socket_raw_send
2021-12-14 05:29:23,927:DEBUG:discord.client: Dispatching event socket_raw_send
2021-12-14 05:29:23,928:INFO:discord.gateway: Shard ID None has sent the IDENTIFY payload.
2021-12-14 05:29:23,965:DEBUG:discord.client: Dispatching event socket_raw_receive
2021-12-14 05:29:23,965:DEBUG:discord.gateway: For Shard ID None: WebSocket Event: {'t': None, 's': None, 'op': 11, 'd': None}
2021-12-14 05:29:23,965:DEBUG:discord.client: Dispatching event socket_response
2021-12-14 05:29:24,097:DEBUG:discord.client: Dispatching event socket_raw_receive
2021-12-14 05:29:24,098:DEBUG:discord.gateway: For Shard ID None: WebSocket Event: {'t': 'READY', 's': 1, 'op': 0, 'd': {'v': 6, 'user_settings': {}, 'user': {'verified': True, 'username': "Brovo24's Pool Bot", 'mfa_enabled': False, 'id': '918582517936824331', 'flags': 0, 'email': None, 'discriminator': '7714', 'bot': True, 'avatar': None}, 'session_id': '047a680e2f47ab635c252f7f2c1ebb87', 'relationships': [], 'private_channels': [], 'presences': [], 'guilds': [{'unavailable': True, 'id': '901718525947818035'}], 'guild_join_requests': [], 'geo_ordered_rtc_regions': ['us-central', 'us-south', 'atlanta', 'us-east', 'newark'], 'application': {'id': '918582517936824331', 'flags': 262144}, '_trace': ['["gateway-prd-main-6mgz",{"micros":132416,"calls":["discord-sessions-green-prd-2-143",{"micros":131525,"calls":["start_session",{"micros":73224,"calls":["api-prd-main-1c65",{"micros":69552,"calls":["get_user",{"micros":13904},"add_authorized_ip",{"micros":4580},"get_guilds",{"micros":7917},"coros_wait",{"micros":1}]}]},"guilds_connect",{"micros":2,"calls":[]},"presence_connect",{"micros":42602,"calls":[]}]}]}]']}}
2021-12-14 05:29:24,098:DEBUG:discord.client: Dispatching event socket_response
2021-12-14 05:29:24,098:INFO:discord.gateway: Shard ID None has connected to Gateway: ["gateway-prd-main-6mgz",{"micros":132416,"calls":["discord-sessions-green-prd-2-143",{"micros":131525,"calls":["start_session",{"micros":73224,"calls":["api-prd-main-1c65",{"micros":69552,"calls":["get_user",{"micros":13904},"add_authorized_ip",{"micros":4580},"get_guilds",{"micros":7917},"coros_wait",{"micros":1}]}]},"guilds_connect",{"micros":2,"calls":[]},"presence_connect",{"micros":42602,"calls":[]}]}]}] (Session ID: 047a680e2f47ab635c252f7f2c1ebb87).
2021-12-14 05:29:24,126:DEBUG:discord.client: Dispatching event connect
2021-12-14 05:29:24,126:DEBUG:discord.client: Dispatching event socket_raw_receive
2021-12-14 05:29:24,127:DEBUG:discord.gateway: For Shard ID None: WebSocket Event: {'t': 'GUILD_CREATE', 's': 2, 'op': 0, 'd': {'guild_hashes': {'version': 1, 'roles': {'omitted': False, 'hash': 'PKggtO9ur5Y'}, 'metadata': {'omitted': False, 'hash': '9AaSfKQ2UhA'}, 'channels': {'omitted': False, 'hash': '8Rfflq7jF/0'}}, 'premium_tier': 0, 'name': "brovo24's server", 'system_channel_id': '901718526585340025', 'description': None, 'application_command_count': 0, 'verification_level': 0, 'discovery_splash': None, 'premium_subscription_count': 0, 'lazy': True, 'vanity_url_code': None, 'members': [{'user': {'username': "Brovo24's Pool Bot", 'id': '918582517936824331', 'discriminator': '7714', 'bot': True, 'avatar': None}, 'roles': ['918584646730649601'], 'premium_since': None, 'pending': False, 'nick': None, 'mute': False, 'joined_at': '2021-12-09T19:27:26.296022+00:00', 'hoisted_role': None, 'deaf': False, 'communication_disabled_until': None, 'avatar': None}], 'afk_channel_id': None, 'joined_at': '2021-12-09T19:27:26.296022+00:00', 'banner': None, 'splash': None, 'region': 'deprecated', 'stage_instances': [], 'nsfw': False, 'application_id': None, 'embedded_activities': [], 'max_members': 250000, 'default_message_notifications': 0, 'guild_scheduled_events': [], 'premium_progress_bar_enabled': False, 'emojis': [], 'features': [], 'hub_type': None, 'voice_states': [], 'unavailable': False, 'threads': [], 'mfa_level': 0, 'member_count': 2, 'large': False, 'explicit_content_filter': 0, 'public_updates_channel_id': None, 'icon': None, 'system_channel_flags': 0, 'id': '901718525947818035', 'owner_id': '510538943645745152', 'max_video_channel_users': 25, 'channels': [{'type': 4, 'position': 0, 'permission_overwrites': [], 'name': 'Text Channels', 'id': '901718526585340024'}, {'type': 0, 'topic': None, 'rate_limit_per_user': 0, 'position': 1, 'permission_overwrites': [], 'parent_id': '901718526585340024', 'name': 'general', 'last_message_id': '920017947227983923', 'id': '901718526585340025'}, {'type': 0, 'topic': None, 'rate_limit_per_user': 0, 'position': 2, 'permission_overwrites': [], 'parent_id': '901718526585340024', 'name': 'clips-and-highlights', 'last_message_id': '918254334607777842', 'id': '901718526585340026'}, {'type': 4, 'position': 3, 'permission_overwrites': [], 'name': 'Voice Channels', 'id': '901718526585340027'}, {'user_limit': 0, 'type': 2, 'rtc_region': None, 'rate_limit_per_user': 0, 'position': 4, 'permission_overwrites': [], 'parent_id': '901718526585340027', 'name': 'Lobby', 'last_message_id': None, 'id': '901718526585340028', 'bitrate': 64000}, {'user_limit': 0, 'type': 2, 'rtc_region': None, 'rate_limit_per_user': 0, 'position': 5, 'permission_overwrites': [], 'parent_id': '901718526585340027', 'name': 'Gaming', 'last_message_id': None, 'id': '901718526585340029', 'bitrate': 64000}], 'nsfw_level': 0, 'rules_channel_id': None, 'preferred_locale': 'en-US', 'application_command_counts': {'3': 0, '2': 0, '1': 0}, 'presences': [], 'stickers': [], 'roles': [{'unicode_emoji': None, 'position': 0, 'permissions_new': '1071698660929', 'permissions': 104320577, 'name': '@everyone', 'mentionable': False, 'managed': False, 'id': '901718525947818035', 'icon': None, 'hoist': False, 'color': 0}, {'unicode_emoji': None, 'tags': {'bot_id': '918582517936824331'}, 'position': 1, 'permissions_new': '534723947584', 'permissions': 519232, 'name': "Brovo24's Pool Bot", 'mentionable': False, 'managed': True, 'id': '918584646730649601', 'icon': None, 'hoist': False, 'color': 0}], 'afk_timeout': 300}}
2021-12-14 05:29:24,127:DEBUG:discord.client: Dispatching event socket_response
2021-12-14 05:29:24,127:DEBUG:discord.client: Dispatching event guild_available
2021-12-14 05:29:26,129:DEBUG:discord.client: Dispatching event ready
2021-12-14 05:29:38,957:DEBUG:discord.client: Dispatching event socket_raw_receive
2021-12-14 05:29:38,957:DEBUG:discord.gateway: For Shard ID None: WebSocket Event: {'t': 'GUILD_MEMBER_UPDATE', 's': 3, 'op': 0, 'd': {'user': {'username': "Brovo24's Pool Bot", 'public_flags': 0, 'id': '918582517936824331', 'discriminator': '7714', 'bot': True, 'avatar': None}, 'roles': ['918584646730649601'], 'premium_since': None, 'pending': False, 'nick': None, 'mute': False, 'joined_at': '2021-12-09T19:27:26.296022+00:00', 'hoisted_role': None, 'guild_id': '901718525947818035', 'deaf': False, 'communication_disabled_until': None, 'avatar': None}}
2021-12-14 05:29:38,958:DEBUG:discord.client: Dispatching event socket_response
2021-12-14 05:29:38,958:DEBUG:discord.client: Dispatching event member_update
2021-12-14 05:29:47,713:DEBUG:discord.client: Dispatching event socket_raw_receive
2021-12-14 05:29:47,713:DEBUG:discord.gateway: For Shard ID None: WebSocket Event: {'t': 'TYPING_START', 's': 4, 'op': 0, 'd': {'user_id': '510538943645745152', 'timestamp': 1639459787, 'member': {'user': {'username': 'brovo24', 'id': '510538943645745152', 'discriminator': '4570', 'avatar': 'd2db9f724b7b51b880cd2a221775775b'}, 'roles': [], 'mute': False, 'joined_at': '2021-10-24T06:27:29.714000+00:00', 'hoisted_role': None, 'deaf': False}, 'channel_id': '901718526585340025', 'guild_id': '901718525947818035'}}
2021-12-14 05:29:47,713:DEBUG:discord.client: Dispatching event socket_response
2021-12-14 05:29:47,713:DEBUG:discord.client: Dispatching event typing
2021-12-14 05:29:48,621:DEBUG:discord.client: Dispatching event socket_raw_receive
2021-12-14 05:29:48,622:DEBUG:discord.gateway: For Shard ID None: WebSocket Event: {'t': 'MESSAGE_CREATE', 's': 5, 'op': 0, 'd': {'type': 0, 'tts': False, 'timestamp': '2021-12-14T05:29:48.564000+00:00', 'referenced_message': None, 'pinned': False, 'nonce': '926356571024261120', 'mentions': [], 'mention_roles': [], 'mention_everyone': False, 'member': {'roles': [], 'mute': False, 'joined_at': '2021-10-24T06:27:29.714000+00:00', 'hoisted_role': None, 'deaf': False}, 'id': '920185790011695155', 'flags': 0, 'embeds': [], 'edited_timestamp': None, 'content': '$commands', 'components': [], 'channel_id': '901718526585340025', 'author': {'username': 'brovo24', 'public_flags': 0, 'id': '510538943645745152', 'discriminator': '4570', 'avatar': 'd2db9f724b7b51b880cd2a221775775b'}, 'attachments': [], 'guild_id': '901718525947818035'}}
2021-12-14 05:29:48,622:DEBUG:discord.client: Dispatching event socket_response
2021-12-14 05:29:48,622:DEBUG:discord.client: Dispatching event message
2021-12-14 05:29:48,756:DEBUG:discord.client: Dispatching event socket_raw_receive
2021-12-14 05:29:48,756:DEBUG:discord.gateway: For Shard ID None: WebSocket Event: {'t': 'MESSAGE_CREATE', 's': 6, 'op': 0, 'd': {'type': 0, 'tts': False, 'timestamp': '2021-12-14T05:29:48.705000+00:00', 'referenced_message': None, 'pinned': False, 'mentions': [], 'mention_roles': [], 'mention_everyone': False, 'member': {'roles': ['918584646730649601'], 'premium_since': None, 'pending': False, 'nick': None, 'mute': False, 'joined_at': '2021-12-09T19:27:26.296022+00:00', 'hoisted_role': None, 'deaf': False, 'communication_disabled_until': None, 'avatar': None}, 'id': '920185790603079700', 'flags': 0, 'embeds': [], 'edited_timestamp': None, 'content': "['$newPool', '$poolList', '$hello', '$commands']", 'components': [], 'channel_id': '901718526585340025', 'author': {'username': "Brovo24's Pool Bot", 'public_flags': 0, 'id': '918582517936824331', 'discriminator': '7714', 'bot': True, 'avatar': None}, 'attachments': [], 'guild_id': '901718525947818035'}}
2021-12-14 05:29:48,756:DEBUG:discord.client: Dispatching event socket_response
2021-12-14 05:29:48,756:DEBUG:discord.client: Dispatching event message
2021-12-14 05:29:49,240:DEBUG:discord.http: POST https://discord.com/api/v7/channels/901718526585340025/messages with {"content":"['$newPool', '$poolList', '$hello', '$commands']"} has returned 200
2021-12-14 05:29:49,240:DEBUG:discord.http: POST https://discord.com/api/v7/channels/901718526585340025/messages has received {'id': '920185790603079700', 'type': 0, 'content': "['$newPool', '$poolList', '$hello', '$commands']", 'channel_id': '901718526585340025', 'author': {'id': '918582517936824331', 'username': "Brovo24's Pool Bot", 'avatar': None, 'discriminator': '7714', 'public_flags': 0, 'bot': True}, 'attachments': [], 'embeds': [], 'mentions': [], 'mention_roles': [], 'pinned': False, 'mention_everyone': False, 'tts': False, 'timestamp': '2021-12-14T05:29:48.705000+00:00', 'edited_timestamp': None, 'flags': 0, 'components': [], 'referenced_message': None}
2021-12-14 05:30:05,178:DEBUG:discord.gateway: Keeping shard ID None websocket alive with sequence 6.
2021-12-14 05:30:05,218:DEBUG:discord.client: Dispatching event socket_raw_receive
2021-12-14 05:30:05,218:DEBUG:discord.gateway: For Shard ID None: WebSocket Event: {'t': None, 's': None, 'op': 11, 'd': None}
2021-12-14 05:30:05,218:DEBUG:discord.client: Dispatching event socket_response
2021-12-14 05:30:46,433:DEBUG:discord.gateway: Keeping shard ID None websocket alive with sequence 6.
2021-12-14 05:30:46,475:DEBUG:discord.client: Dispatching event socket_raw_receive
2021-12-14 05:30:46,475:DEBUG:discord.gateway: For Shard ID None: WebSocket Event: {'t': None, 's': None, 'op': 11, 'd': None}
2021-12-14 05:30:46,475:DEBUG:discord.client: Dispatching event socket_response
2021-12-14 05:31:27,684:DEBUG:discord.gateway: Keeping shard ID None websocket alive with sequence 6.
2021-12-14 05:31:27,725:DEBUG:discord.client: Dispatching event socket_raw_receive
2021-12-14 05:31:27,725:DEBUG:discord.gateway: For Shard ID None: WebSocket Event: {'t': None, 's': None, 'op': 11, 'd': None}
2021-12-14 05:31:27,725:DEBUG:discord.client: Dispatching event socket_response
